Model specification:
MultilayerEncoder(
  (encode_layers): ModuleDict(
    (input_dropout): SeqDropout(
      (dropout): Dropout2d(p=0.05, inplace=False)
    )
    (conv00): Conv1d(4, 10, kernel_size=(3,), stride=(1,), padding=(1,))
    (relu00): ReLU()
    (pool0): MaxPool1d(kernel_size=3, stride=3, padding=0, dilation=1, ceil_mode=False)
    (norm0): BatchNorm1d(10, eps=1e-05, momentum=0.1, affine=True, track_running_stats=True)
    (dropout0): Dropout(p=0.05, inplace=False)
    (conv10): Conv1d(10, 20, kernel_size=(3,), stride=(1,), padding=(1,))
    (relu10): ReLU()
    (pool1): MaxPool1d(kernel_size=3, stride=3, padding=0, dilation=1, ceil_mode=False)
    (norm1): BatchNorm1d(20, eps=1e-05, momentum=0.1, affine=True, track_running_stats=True)
    (dropout1): Dropout(p=0.05, inplace=False)
    (view): View()
    (linear0): Linear(in_features=60, out_features=30, bias=True)
  )
  (decode_layers): ModuleDict(
    (latent_noise): GaussianNoise()
    (linear0): Linear(in_features=30, out_features=60, bias=True)
    (view): View()
    (relu00): ReLU()
    (norm0): BatchNorm1d(20, eps=1e-05, momentum=0.1, affine=True, track_running_stats=True)
    (pool0): Upsample(scale_factor=3.0, mode=linear)
    (conv00): ConvTranspose1d(20, 10, kernel_size=(3,), stride=(1,), padding=(1,))
    (relu10): ReLU()
    (norm1): BatchNorm1d(10, eps=1e-05, momentum=0.1, affine=True, track_running_stats=True)
    (pool1): Upsample(scale_factor=3.0, mode=linear)
    (conv10): ConvTranspose1d(10, 4, kernel_size=(3,), stride=(1,), padding=(1,))
    (softmax): Softmax(dim=1)
  )
)
Config values:
{'name': 'aem0', 'model': 'Multilayer', 'kernel_len': 3, 'latent_len': 30, 'seq_len': 27, 'seq_per_batch': 20, 'input_path': 'data/ref_genome/chr22_excerpt_4m.fa', 'split_prop': 0.05, 'epochs': 20, 'learn_rate': 2.0, 'input_dropout_freq': 0.05, 'latent_noise_std': 0.3, 'save_model': True, 'disable_eval': False, 'neighbour_loss_prop': 0.0, 'load_prev_model_state': None, 'hidden_len': 10, 'pool_size': 3, 'n_conv_and_pool': 2, 'n_conv_before_pool': 1, 'n_linear': 1}
Training for 20 epochs
epoch 0, avg loss 0.43026948979010743, validation acc. 0.6277777777777778
/home/devin/d/data/src/chgi/env/lib/python3.6/site-packages/torch/nn/functional.py:2973: UserWarning: Default upsampling behavior when mode=linear is changed to align_corners=False since 0.4.0. Please specify align_corners=True if the old behavior is desired. See the documentation of nn.Upsample for details.
  "See the documentation of nn.Upsample for details.".format(mode))
epoch 1, avg loss 0.3947404604661994, validation acc. 0.65
epoch 2, avg loss 0.38753591548110855, validation acc. 0.7148148148148148
epoch 3, avg loss 0.38330981007949005, validation acc. 0.6666666666666666
epoch 4, avg loss 0.3812476332330702, validation acc. 0.7222222222222222
epoch 5, avg loss 0.3799269663103417, validation acc. 0.674074074074074
epoch 6, avg loss 0.37908544811850947, validation acc. 0.6777777777777778
epoch 7, avg loss 0.3785389703624958, validation acc. 0.6592592592592592
epoch 8, avg loss 0.37772678837504525, validation acc. 0.6851851851851852
epoch 9, avg loss 0.37748446207087794, validation acc. 0.6666666666666666
epoch 10, avg loss 0.37689980147260127, validation acc. 0.662962962962963
epoch 11, avg loss 0.37665906642578006, validation acc. 0.6962962962962963
epoch 12, avg loss 0.37632033451751873, validation acc. 0.6888888888888889
epoch 13, avg loss 0.37603186117692555, validation acc. 0.6925925925925925
epoch 14, avg loss 0.37575987751323287, validation acc. 0.6962962962962963
epoch 15, avg loss 0.3755866248789336, validation acc. 0.6537037037037037
epoch 16, avg loss 0.3753317816885569, validation acc. 0.6888888888888889
epoch 17, avg loss 0.37530052245765416, validation acc. 0.6703703703703704
epoch 18, avg loss 0.3751505896622698, validation acc. 0.6907407407407408
epoch 19, avg loss 0.3749844657706684, validation acc. 0.6962962962962963
Saving model to /home/devin/d/data/src/chgi/src/ae/autoencoder/aem0chr22_excerpt_4mMultilayer3x30d0.05n0.3l0.0_20at2.0.pth

real	85m1.650s
user	368m43.323s
sys	8m22.185s
