Model specification:
MultilayerEncoder(
  (encode_layers): ModuleDict(
    (input_dropout): SeqDropout(
      (dropout): Dropout2d(p=0.05, inplace=False)
    )
    (conv00): Conv1d(4, 10, kernel_size=(3,), stride=(1,), padding=(1,))
    (relu00): ReLU()
    (pool0): MaxPool1d(kernel_size=3, stride=3, padding=0, dilation=1, ceil_mode=False)
    (norm0): BatchNorm1d(10, eps=1e-05, momentum=0.1, affine=True, track_running_stats=True)
    (dropout0): Dropout(p=0.05, inplace=False)
    (conv10): Conv1d(10, 20, kernel_size=(3,), stride=(1,), padding=(1,))
    (relu10): ReLU()
    (pool1): MaxPool1d(kernel_size=3, stride=3, padding=0, dilation=1, ceil_mode=False)
    (norm1): BatchNorm1d(20, eps=1e-05, momentum=0.1, affine=True, track_running_stats=True)
    (dropout1): Dropout(p=0.05, inplace=False)
    (view): View()
    (linear0): Linear(in_features=60, out_features=30, bias=True)
  )
  (decode_layers): ModuleDict(
    (latent_noise): GaussianNoise()
    (linear0): Linear(in_features=30, out_features=60, bias=True)
    (view): View()
    (relu00): ReLU()
    (norm0): BatchNorm1d(20, eps=1e-05, momentum=0.1, affine=True, track_running_stats=True)
    (pool0): Upsample(scale_factor=3.0, mode=linear)
    (conv00): ConvTranspose1d(20, 10, kernel_size=(3,), stride=(1,), padding=(1,))
    (relu10): ReLU()
    (norm1): BatchNorm1d(10, eps=1e-05, momentum=0.1, affine=True, track_running_stats=True)
    (pool1): Upsample(scale_factor=3.0, mode=linear)
    (conv10): ConvTranspose1d(10, 4, kernel_size=(3,), stride=(1,), padding=(1,))
    (softmax): Softmax(dim=1)
  )
)
Config values:
{'name': 'aem0', 'model': 'Multilayer', 'kernel_len': 3, 'latent_len': 30, 'seq_len': 27, 'seq_per_batch': 20, 'input_path': 'data/ref_genome/chr22_excerpt_800k.fa', 'split_prop': 0.05, 'epochs': 5, 'learn_rate': 0.1, 'input_dropout_freq': 0.05, 'latent_noise_std': 0.3, 'save_model': True, 'disable_eval': False, 'neighbour_loss_prop': 0.0, 'load_prev_model_state': None, 'hidden_len': 10, 'pool_size': 3, 'n_conv_and_pool': 2, 'n_conv_before_pool': 1, 'n_linear': 1}
Training for 5 epochs
epoch 0, avg loss 0.4937145705113737, validation acc. 0.4685185185185185
/home/devin/d/data/src/chgi/env/lib/python3.6/site-packages/torch/nn/functional.py:2973: UserWarning: Default upsampling behavior when mode=linear is changed to align_corners=False since 0.4.0. Please specify align_corners=True if the old behavior is desired. See the documentation of nn.Upsample for details.
  "See the documentation of nn.Upsample for details.".format(mode))
epoch 1, avg loss 0.4704667457144895, validation acc. 0.5074074074074074
epoch 2, avg loss 0.461544739138737, validation acc. 0.5148148148148148
epoch 3, avg loss 0.4556986487222661, validation acc. 0.5203703703703704
epoch 4, avg loss 0.45056700957872026, validation acc. 0.5185185185185185
Saving model to /home/devin/d/data/src/chgi/src/ae/autoencoder/aem0chr22_excerpt_800kMultilayer3x30d0.05n0.3l0.0_5at0.1.pth
Model specification:
MultilayerEncoder(
  (encode_layers): ModuleDict(
    (input_dropout): SeqDropout(
      (dropout): Dropout2d(p=0.05, inplace=False)
    )
    (conv00): Conv1d(4, 10, kernel_size=(3,), stride=(1,), padding=(1,))
    (relu00): ReLU()
    (pool0): MaxPool1d(kernel_size=3, stride=3, padding=0, dilation=1, ceil_mode=False)
    (norm0): BatchNorm1d(10, eps=1e-05, momentum=0.1, affine=True, track_running_stats=True)
    (dropout0): Dropout(p=0.05, inplace=False)
    (conv10): Conv1d(10, 20, kernel_size=(3,), stride=(1,), padding=(1,))
    (relu10): ReLU()
    (pool1): MaxPool1d(kernel_size=3, stride=3, padding=0, dilation=1, ceil_mode=False)
    (norm1): BatchNorm1d(20, eps=1e-05, momentum=0.1, affine=True, track_running_stats=True)
    (dropout1): Dropout(p=0.05, inplace=False)
    (view): View()
    (linear0): Linear(in_features=60, out_features=30, bias=True)
  )
  (decode_layers): ModuleDict(
    (latent_noise): GaussianNoise()
    (linear0): Linear(in_features=30, out_features=60, bias=True)
    (view): View()
    (relu00): ReLU()
    (norm0): BatchNorm1d(20, eps=1e-05, momentum=0.1, affine=True, track_running_stats=True)
    (pool0): Upsample(scale_factor=3.0, mode=linear)
    (conv00): ConvTranspose1d(20, 10, kernel_size=(3,), stride=(1,), padding=(1,))
    (relu10): ReLU()
    (norm1): BatchNorm1d(10, eps=1e-05, momentum=0.1, affine=True, track_running_stats=True)
    (pool1): Upsample(scale_factor=3.0, mode=linear)
    (conv10): ConvTranspose1d(10, 4, kernel_size=(3,), stride=(1,), padding=(1,))
    (softmax): Softmax(dim=1)
  )
)
Config values:
{'name': 'aem0', 'model': 'Multilayer', 'kernel_len': 3, 'latent_len': 30, 'seq_len': 27, 'seq_per_batch': 20, 'input_path': 'data/ref_genome/chr22_excerpt_800k.fa', 'split_prop': 0.05, 'epochs': 5, 'learn_rate': 0.05, 'input_dropout_freq': 0.05, 'latent_noise_std': 0.3, 'save_model': True, 'disable_eval': False, 'neighbour_loss_prop': 0.0, 'load_prev_model_state': None, 'hidden_len': 10, 'pool_size': 3, 'n_conv_and_pool': 2, 'n_conv_before_pool': 1, 'n_linear': 1}
Training for 5 epochs
epoch 0, avg loss 0.5107677214222847, validation acc. 0.4925925925925926
epoch 1, avg loss 0.4890614868228813, validation acc. 0.4962962962962963
epoch 2, avg loss 0.47890384289965354, validation acc. 0.5037037037037037
epoch 3, avg loss 0.47271847489604846, validation acc. 0.5222222222222223
epoch 4, avg loss 0.46830674123635396, validation acc. 0.5074074074074074
Saving model to /home/devin/d/data/src/chgi/src/ae/autoencoder/aem0chr22_excerpt_800kMultilayer3x30d0.05n0.3l0.0_5at0.05.pth
Model specification:
MultilayerEncoder(
  (encode_layers): ModuleDict(
    (input_dropout): SeqDropout(
      (dropout): Dropout2d(p=0.05, inplace=False)
    )
    (conv00): Conv1d(4, 10, kernel_size=(3,), stride=(1,), padding=(1,))
    (relu00): ReLU()
    (pool0): MaxPool1d(kernel_size=3, stride=3, padding=0, dilation=1, ceil_mode=False)
    (norm0): BatchNorm1d(10, eps=1e-05, momentum=0.1, affine=True, track_running_stats=True)
    (dropout0): Dropout(p=0.05, inplace=False)
    (conv10): Conv1d(10, 20, kernel_size=(3,), stride=(1,), padding=(1,))
    (relu10): ReLU()
    (pool1): MaxPool1d(kernel_size=3, stride=3, padding=0, dilation=1, ceil_mode=False)
    (norm1): BatchNorm1d(20, eps=1e-05, momentum=0.1, affine=True, track_running_stats=True)
    (dropout1): Dropout(p=0.05, inplace=False)
    (view): View()
    (linear0): Linear(in_features=60, out_features=30, bias=True)
  )
  (decode_layers): ModuleDict(
    (latent_noise): GaussianNoise()
    (linear0): Linear(in_features=30, out_features=60, bias=True)
    (view): View()
    (relu00): ReLU()
    (norm0): BatchNorm1d(20, eps=1e-05, momentum=0.1, affine=True, track_running_stats=True)
    (pool0): Upsample(scale_factor=3.0, mode=linear)
    (conv00): ConvTranspose1d(20, 10, kernel_size=(3,), stride=(1,), padding=(1,))
    (relu10): ReLU()
    (norm1): BatchNorm1d(10, eps=1e-05, momentum=0.1, affine=True, track_running_stats=True)
    (pool1): Upsample(scale_factor=3.0, mode=linear)
    (conv10): ConvTranspose1d(10, 4, kernel_size=(3,), stride=(1,), padding=(1,))
    (softmax): Softmax(dim=1)
  )
)
Config values:
{'name': 'aem0', 'model': 'Multilayer', 'kernel_len': 3, 'latent_len': 30, 'seq_len': 27, 'seq_per_batch': 20, 'input_path': 'data/ref_genome/chr22_excerpt_800k.fa', 'split_prop': 0.05, 'epochs': 5, 'learn_rate': 0.02, 'input_dropout_freq': 0.05, 'latent_noise_std': 0.3, 'save_model': True, 'disable_eval': False, 'neighbour_loss_prop': 0.0, 'load_prev_model_state': None, 'hidden_len': 10, 'pool_size': 3, 'n_conv_and_pool': 2, 'n_conv_before_pool': 1, 'n_linear': 1}
Training for 5 epochs
epoch 0, avg loss 0.5254390584318329, validation acc. 0.45555555555555555
epoch 1, avg loss 0.5017421787162479, validation acc. 0.45
epoch 2, avg loss 0.49258487310340937, validation acc. 0.5166666666666667
epoch 3, avg loss 0.4866846152239566, validation acc. 0.48703703703703705
epoch 4, avg loss 0.4816742687881422, validation acc. 0.4888888888888889
Saving model to /home/devin/d/data/src/chgi/src/ae/autoencoder/aem0chr22_excerpt_800kMultilayer3x30d0.05n0.3l0.0_5at0.02.pth
Model specification:
MultilayerEncoder(
  (encode_layers): ModuleDict(
    (input_dropout): SeqDropout(
      (dropout): Dropout2d(p=0.05, inplace=False)
    )
    (conv00): Conv1d(4, 10, kernel_size=(3,), stride=(1,), padding=(1,))
    (relu00): ReLU()
    (pool0): MaxPool1d(kernel_size=3, stride=3, padding=0, dilation=1, ceil_mode=False)
    (norm0): BatchNorm1d(10, eps=1e-05, momentum=0.1, affine=True, track_running_stats=True)
    (dropout0): Dropout(p=0.05, inplace=False)
    (conv10): Conv1d(10, 20, kernel_size=(3,), stride=(1,), padding=(1,))
    (relu10): ReLU()
    (pool1): MaxPool1d(kernel_size=3, stride=3, padding=0, dilation=1, ceil_mode=False)
    (norm1): BatchNorm1d(20, eps=1e-05, momentum=0.1, affine=True, track_running_stats=True)
    (dropout1): Dropout(p=0.05, inplace=False)
    (view): View()
    (linear0): Linear(in_features=60, out_features=30, bias=True)
  )
  (decode_layers): ModuleDict(
    (latent_noise): GaussianNoise()
    (linear0): Linear(in_features=30, out_features=60, bias=True)
    (view): View()
    (relu00): ReLU()
    (norm0): BatchNorm1d(20, eps=1e-05, momentum=0.1, affine=True, track_running_stats=True)
    (pool0): Upsample(scale_factor=3.0, mode=linear)
    (conv00): ConvTranspose1d(20, 10, kernel_size=(3,), stride=(1,), padding=(1,))
    (relu10): ReLU()
    (norm1): BatchNorm1d(10, eps=1e-05, momentum=0.1, affine=True, track_running_stats=True)
    (pool1): Upsample(scale_factor=3.0, mode=linear)
    (conv10): ConvTranspose1d(10, 4, kernel_size=(3,), stride=(1,), padding=(1,))
    (softmax): Softmax(dim=1)
  )
)
Config values:
{'name': 'aem0', 'model': 'Multilayer', 'kernel_len': 3, 'latent_len': 30, 'seq_len': 27, 'seq_per_batch': 20, 'input_path': 'data/ref_genome/chr22_excerpt_800k.fa', 'split_prop': 0.05, 'epochs': 5, 'learn_rate': 0.02, 'input_dropout_freq': 0.05, 'latent_noise_std': 0.3, 'save_model': True, 'disable_eval': False, 'neighbour_loss_prop': 0.0, 'load_prev_model_state': None, 'hidden_len': 10, 'pool_size': 3, 'n_conv_and_pool': 2, 'n_conv_before_pool': 1, 'n_linear': 1}
Training for 5 epochs
epoch 0, avg loss 0.5254686574927336, validation acc. 0.4666666666666667
epoch 1, avg loss 0.5025604251262953, validation acc. 0.4666666666666667
epoch 2, avg loss 0.4937281674350337, validation acc. 0.48518518518518516
